<?xml version="1.0" encoding="UTF-8"?>
<testsuite xmlns:xsi="http://www.w3.org/2001/XMLSchema-instance" xsi:schemaLocation="https://maven.apache.org/surefire/maven-surefire-plugin/xsd/surefire-test-report.xsd" name="com.realdolmen.course.web.webservice.soap.PersonWebServiceIntegrationTest" time="0.125" tests="1" errors="0" skipped="1" failures="0">
  <properties>
[...]
</properties>
  <testcase name="shouldReturnAllPeople" classname="com.realdolmen.course.web.webservice.soap.PersonWebServiceIntegrationTest" time="0">
    <skipped/>
    <system-out><![CDATA[12:02:37.686 [main] WARN  com.realdolmen.course.utilities.persistence.PersistenceTest$DatabaseEngine - Missing system property -DdatabaseEngine. Using default (mysql).
12:02:37.686 [main] INFO  com.realdolmen.course.utilities.persistence.PersistenceTest$DatabaseEngine - Using database engine: mysql
12:02:37.686 [main] WARN  com.realdolmen.course.utilities.persistence.PersistenceTest$DatabaseEngine - Missing system property -DdatabaseEngine. Using default (mysql).
12:02:37.686 [main] INFO  com.realdolmen.course.utilities.persistence.PersistenceTest$DatabaseEngine - Using database engine: mysql
12:02:37.686 [main] INFO  com.realdolmen.course.web.webservice.soap.PersonWebServiceIntegrationTest - Recreating database schema 'realdolmen'
12:02:37.701 [main] INFO  com.realdolmen.course.web.webservice.soap.PersonWebServiceIntegrationTest - Creating EntityManagerFactory from persistence unit MyTestPersistenceUnit
12:02:37.733 [main] INFO  org.hibernate.jpa.internal.util.LogHelper - HHH000204: Processing PersistenceUnitInfo [
	name: MyTestPersistenceUnit
	...]
12:02:37.748 [main] WARN  org.hibernate.orm.connections - HHH10001002: Using Hibernate built-in connection pool (not for production use!)
12:02:37.748 [main] INFO  org.hibernate.orm.connections - HHH10001005: using driver [com.mysql.jdbc.Driver] at URL [jdbc:mysql://localhost:3306/realdolmen]
12:02:37.748 [main] INFO  org.hibernate.orm.connections - HHH10001001: Connection properties: {user=root}
12:02:37.748 [main] INFO  org.hibernate.orm.connections - HHH10001003: Autocommit mode: false
12:02:37.748 [main] INFO  org.hibernate.orm.connections - HHH10001007: JDBC isolation level: READ_COMMITTED
12:02:37.748 [main] INFO  org.hibernate.engine.jdbc.connections.internal.DriverManagerConnectionProviderImpl - HHH000115: Hibernate connection pool size: 20 (min=1)
12:02:37.764 [main] INFO  org.hibernate.dialect.Dialect - HHH000400: Using dialect: org.hibernate.dialect.MySQL5InnoDBDialect
12:02:37.795 [main] INFO  org.hibernate.tool.hbm2ddl.SchemaExport - HHH000227: Running hbm2ddl schema export
12:02:37.795 [main] DEBUG org.hibernate.SQL - drop table if exists Person
12:02:37.795 [main] DEBUG org.hibernate.SQL - create table Person (id bigint not null auto_increment, firstName varchar(255) not null, lastName varchar(255) not null, primary key (id)) ENGINE=InnoDB
12:02:37.826 [main] INFO  org.hibernate.tool.hbm2ddl.SchemaExport - HHH000230: Schema export complete
12:02:37.826 [main] INFO  com.realdolmen.course.web.webservice.soap.PersonWebServiceIntegrationTest - Creating transacted EntityManager
12:02:37.826 [main] INFO  com.realdolmen.course.web.webservice.soap.PersonWebServiceIntegrationTest - Loading datasets
12:02:37.858 [main] INFO  com.realdolmen.course.web.webservice.soap.PersonWebServiceIntegrationTest - Committing and closing transacted EntityManager
12:02:37.858 [main] INFO  com.realdolmen.course.web.webservice.soap.PersonWebServiceIntegrationTest - Closing EntityManager
12:02:37.858 [main] INFO  com.realdolmen.course.web.webservice.soap.PersonWebServiceIntegrationTest - Closing EntityManagerFactory
12:02:37.858 [main] INFO  org.hibernate.orm.connections - HHH10001008: Cleaning up connection pool [jdbc:mysql://localhost:3306/realdolmen]
]]></system-out>
  </testcase>
</testsuite>